<?xml version="1.0" encoding="UTF-8" ?>
<testsuite errors="0" failures="0" hostname="User-PC" name="es.upm.miw.spai.test.SumaTest" tests="2" time="0.151" timestamp="2013-10-31T10:51:14">
  <properties>
[...]
</properties>
  <testcase classname="es.upm.miw.spai.test.SumaTest" name="aVerSiSumaBien" time="0.005" />
  <testcase classname="es.upm.miw.spai.test.SumaTest" name="aVerSiIncrementaBien" time="0.001" />
  <system-out><![CDATA[]]></system-out>
  <system-err><![CDATA[]]></system-err>
</testsuite>
